{"level": "info", "time": "2026-02-02T10:05:41.305350+00:00", "component": "telegram", "event": "send_request", "details": "chat_id=-1003755137998"}
{"level": "info", "time": "2026-02-02T10:10:41.718721+00:00", "component": "telegram", "event": "send_request", "details": "chat_id=-1003755137998"}
{"level": "info", "time": "2026-02-02T10:15:42.145018+00:00", "component": "telegram", "event": "send_request", "details": "chat_id=-1003755137998"}
{"level": "info", "time": "2026-02-02T10:31:32.910215+00:00", "component": "userbot", "event": "session_open", "details": "attempt=1/3"}
{"level": "error", "time": "2026-02-02T10:32:39.667605+00:00", "component": "userbot", "event": "session_open_failed", "details": "Connection to Telegram failed 5 time(s)"}
{"level": "info", "time": "2026-02-02T10:32:44.840529+00:00", "component": "userbot", "event": "session_open", "details": "attempt=2/3"}
{"level": "error", "time": "2026-02-02T10:33:40.909585+00:00", "component": "userbot", "event": "session_open_failed", "details": "Connection to Telegram failed 5 time(s)"}
{"level": "info", "time": "2026-02-02T10:33:46.077106+00:00", "component": "userbot", "event": "session_open", "details": "attempt=3/3"}
{"level": "error", "time": "2026-02-02T10:33:52.139217+00:00", "component": "userbot", "event": "session_open_failed", "details": "Connection to Telegram failed 5 time(s)"}
{"level": "info", "time": "2026-02-02T10:48:07.980027+00:00", "component": "userbot", "event": "session_open", "details": "attempt=1/3"}
{"level": "info", "time": "2026-02-02T10:48:13.804204+00:00", "component": "userbot", "event": "auth_required", "details": "interactive_login"}
{"level": "info", "time": "2026-02-02T10:48:36.937753+00:00", "component": "userbot", "event": "interactive_login_done"}
{"level": "info", "time": "2026-02-02T10:48:38.674479+00:00", "component": "userbot", "event": "send_request", "details": "chat_id=-1003755137998"}
{"level": "info", "time": "2026-02-02T11:21:13.239692+00:00", "component": "userbot", "event": "session_open", "details": "attempt=1/3"}
{"level": "info", "time": "2026-02-02T11:21:14.841728+00:00", "component": "userbot", "event": "send_request", "details": "chat_id=-1003755137998"}
{"level": "info", "time": "2026-02-02T11:21:15.639889+00:00", "component": "telegram", "event": "message_received", "details": "id=47"}
{"level": "info", "time": "2026-02-02T11:21:15.652888+00:00", "component": "parser", "event": "date_mismatch", "details": "msg=2026-02-03 target=2026-02-02"}
{"level": "info", "time": "2026-02-02T11:23:10.275019+00:00", "component": "telegram", "event": "message_received", "details": "id=49"}
{"level": "warn", "time": "2026-02-02T11:23:20.362359+00:00", "component": "mqtt", "event": "publish_failed", "details": "Operation timed out; retry in 1s"}
{"level": "warn", "time": "2026-02-02T11:23:31.390158+00:00", "component": "mqtt", "event": "publish_failed", "details": "Operation timed out; retry in 2s"}
{"level": "warn", "time": "2026-02-02T11:23:43.451683+00:00", "component": "mqtt", "event": "publish_failed", "details": "Operation timed out; retry in 5s"}
{"level": "warn", "time": "2026-02-02T11:23:58.482037+00:00", "component": "mqtt", "event": "publish_failed", "details": "Operation timed out; retry in 10s"}
{"level": "warn", "time": "2026-02-02T11:24:18.515345+00:00", "component": "mqtt", "event": "publish_failed", "details": "Operation timed out; retry in 30s"}
{"level": "warn", "time": "2026-02-02T11:24:58.567247+00:00", "component": "mqtt", "event": "publish_failed", "details": "Operation timed out; retry in 60s"}
{"level": "info", "time": "2026-02-02T11:30:11.919239+00:00", "component": "userbot", "event": "session_open", "details": "attempt=1/3"}
{"level": "info", "time": "2026-02-02T11:30:15.560462+00:00", "component": "userbot", "event": "connected"}
{"level": "info", "time": "2026-02-02T11:30:16.292704+00:00", "component": "userbot", "event": "send_request", "details": "chat_id=-1003755137998"}
{"level": "info", "time": "2026-02-02T11:30:16.799605+00:00", "component": "telegram", "event": "message_received", "details": "id=51"}
{"level": "warn", "time": "2026-02-02T11:30:26.869296+00:00", "component": "mqtt", "event": "publish_failed", "details": "Operation timed out; retry in 1s"}
{"level": "warn", "time": "2026-02-02T11:30:37.922165+00:00", "component": "mqtt", "event": "publish_failed", "details": "Operation timed out; retry in 2s"}
{"level": "warn", "time": "2026-02-02T11:30:49.966242+00:00", "component": "mqtt", "event": "publish_failed", "details": "Operation timed out; retry in 5s"}
{"level": "warn", "time": "2026-02-02T11:31:05.007240+00:00", "component": "mqtt", "event": "publish_failed", "details": "Operation timed out; retry in 10s"}
{"level": "warn", "time": "2026-02-02T11:31:25.055434+00:00", "component": "mqtt", "event": "publish_failed", "details": "Operation timed out; retry in 30s"}
{"level": "warn", "time": "2026-02-02T11:32:05.073351+00:00", "component": "mqtt", "event": "publish_failed", "details": "Operation timed out; retry in 60s"}
{"level": "warn", "time": "2026-02-02T11:33:15.107394+00:00", "component": "mqtt", "event": "publish_failed", "details": "Operation timed out; retry in 60s"}
{"level": "warn", "time": "2026-02-02T11:34:25.142982+00:00", "component": "mqtt", "event": "publish_failed", "details": "Operation timed out; retry in 60s"}
{"level": "info", "time": "2026-02-02T11:35:11.247338+00:00", "component": "userbot", "event": "session_open", "details": "attempt=1/3"}
{"level": "info", "time": "2026-02-02T11:35:13.411017+00:00", "component": "userbot", "event": "connected"}
{"level": "info", "time": "2026-02-02T11:35:13.594126+00:00", "component": "userbot", "event": "send_request", "details": "chat_id=-1003755137998"}
{"level": "info", "time": "2026-02-02T11:35:14.392568+00:00", "component": "telegram", "event": "message_received", "details": "id=53"}
{"level": "info", "time": "2026-02-02T11:35:14.513872+00:00", "component": "mqtt", "event": "publish_ok", "details": "published 5 topics"}
{"level": "info", "time": "2026-02-02T11:56:03.536135+00:00", "component": "userbot", "event": "session_open", "details": "attempt=1/3"}
{"level": "info", "time": "2026-02-02T11:56:04.546190+00:00", "component": "userbot", "event": "connected"}
{"level": "info", "time": "2026-02-02T11:56:25.713284+00:00", "component": "userbot", "event": "ping_pong", "details": "id=54"}
{"level": "info", "time": "2026-02-02T11:56:25.973178+00:00", "component": "telegram", "event": "message_received", "details": "id=56"}
{"level": "warn", "time": "2026-02-02T11:56:25.976175+00:00", "component": "parser", "event": "parse_failed", "details": "missing date or labels"}
{"level": "info", "time": "2026-02-02T11:56:26.680165+00:00", "component": "telegram", "event": "message_received", "details": "id=57"}
{"level": "warn", "time": "2026-02-02T11:56:26.680165+00:00", "component": "parser", "event": "parse_failed", "details": "missing date or labels"}
